<?xml version="1.0" encoding="UTF-8"?>
<!-- Generated by org.testng.reporters.JUnitXMLReporter -->
<testsuite ignored="0" hostname="DESKTOP-KA91B3B" failures="0" tests="4" name="Freelancer.com Test" time="322.568" errors="0" timestamp="2021-04-06T16:46:40 BDT">
  <testcase classname="com.Freelancer.AddExperienceTestCases.TC_AExp_001" name="addExprienceWithValidInfo" time="33.312"/>
  <testcase classname="com.Freelancer.AddExperienceTestCases.TC_AExp_002" name="addExprienceWithEmptyInput" time="29.332"/>
  <testcase classname="com.Freelancer.AddExperienceTestCases.TC_AExp_003" name="editExprience" time="27.479"/>
  <testcase classname="com.Freelancer.AddExperienceTestCases.TC_AExp_004" name="deleteExperience" time="29.664"/>
</testsuite> <!-- Freelancer.com Test -->
