<?xml version="1.0" encoding="UTF-8"?>
<testng-results ignored="0" total="4" passed="4" failed="0" skipped="0">
  <reporter-output>
  </reporter-output>
  <suite started-at="2021-04-06T16:41:17 BDT" name="Freelancer.com" finished-at="2021-04-06T16:46:40 BDT" duration-ms="322568">
    <groups>
    </groups>
    <test started-at="2021-04-06T16:41:17 BDT" name="Freelancer.com Test" finished-at="2021-04-06T16:46:40 BDT" duration-ms="322568">
      <class name="com.Freelancer.AddExperienceTestCases.TC_AExp_004">
        <test-method is-config="true" signature="setUp(java.lang.String)[pri:0, instance:com.Freelancer.AddExperienceTestCases.TC_AExp_004@17776a8]" started-at="2021-04-06T16:45:59 BDT" name="setUp" finished-at="2021-04-06T16:46:09 BDT" duration-ms="9883" status="PASS">
          <params>
            <param index="0">
              <value>
                <![CDATA[chrome]]>
              </value>
            </param>
          </params>
          <reporter-output>
          </reporter-output>
        </test-method> <!-- setUp -->
        <test-method signature="deleteExperience()[pri:1, instance:com.Freelancer.AddExperienceTestCases.TC_AExp_004@17776a8]" started-at="2021-04-06T16:46:09 BDT" name="deleteExperience" finished-at="2021-04-06T16:46:39 BDT" duration-ms="29664" status="PASS">
          <reporter-output>
          </reporter-output>
        </test-method> <!-- deleteExperience -->
        <test-method is-config="true" signature="tearDown()[pri:0, instance:com.Freelancer.AddExperienceTestCases.TC_AExp_004@17776a8]" started-at="2021-04-06T16:46:39 BDT" name="tearDown" finished-at="2021-04-06T16:46:40 BDT" duration-ms="840" status="PASS">
          <reporter-output>
          </reporter-output>
        </test-method> <!-- tearDown -->
      </class> <!-- com.Freelancer.AddExperienceTestCases.TC_AExp_004 -->
      <class name="com.Freelancer.AddExperienceTestCases.TC_AExp_003">
        <test-method is-config="true" signature="setUp(java.lang.String)[pri:0, instance:com.Freelancer.AddExperienceTestCases.TC_AExp_003@12028586]" started-at="2021-04-06T16:45:12 BDT" name="setUp" finished-at="2021-04-06T16:45:31 BDT" duration-ms="18604" status="PASS">
          <params>
            <param index="0">
              <value>
                <![CDATA[chrome]]>
              </value>
            </param>
          </params>
          <reporter-output>
          </reporter-output>
        </test-method> <!-- setUp -->
        <test-method signature="editExprience()[pri:1, instance:com.Freelancer.AddExperienceTestCases.TC_AExp_003@12028586]" started-at="2021-04-06T16:45:31 BDT" name="editExprience" finished-at="2021-04-06T16:45:58 BDT" duration-ms="27479" status="PASS">
          <reporter-output>
          </reporter-output>
        </test-method> <!-- editExprience -->
        <test-method is-config="true" signature="tearDown()[pri:0, instance:com.Freelancer.AddExperienceTestCases.TC_AExp_003@12028586]" started-at="2021-04-06T16:45:58 BDT" name="tearDown" finished-at="2021-04-06T16:45:59 BDT" duration-ms="1221" status="PASS">
          <reporter-output>
          </reporter-output>
        </test-method> <!-- tearDown -->
      </class> <!-- com.Freelancer.AddExperienceTestCases.TC_AExp_003 -->
      <class name="com.Freelancer.AddExperienceTestCases.TC_AExp_002">
        <test-method is-config="true" signature="setUp(java.lang.String)[pri:0, instance:com.Freelancer.AddExperienceTestCases.TC_AExp_002@290dbf45]" started-at="2021-04-06T16:44:34 BDT" name="setUp" finished-at="2021-04-06T16:44:42 BDT" duration-ms="7983" status="PASS">
          <params>
            <param index="0">
              <value>
                <![CDATA[chrome]]>
              </value>
            </param>
          </params>
          <reporter-output>
          </reporter-output>
        </test-method> <!-- setUp -->
        <test-method signature="addExprienceWithEmptyInput()[pri:1, instance:com.Freelancer.AddExperienceTestCases.TC_AExp_002@290dbf45]" started-at="2021-04-06T16:44:42 BDT" name="addExprienceWithEmptyInput" finished-at="2021-04-06T16:45:11 BDT" duration-ms="29332" status="PASS">
          <reporter-output>
          </reporter-output>
        </test-method> <!-- addExprienceWithEmptyInput -->
        <test-method is-config="true" signature="tearDown()[pri:0, instance:com.Freelancer.AddExperienceTestCases.TC_AExp_002@290dbf45]" started-at="2021-04-06T16:45:11 BDT" name="tearDown" finished-at="2021-04-06T16:45:12 BDT" duration-ms="873" status="PASS">
          <reporter-output>
          </reporter-output>
        </test-method> <!-- tearDown -->
      </class> <!-- com.Freelancer.AddExperienceTestCases.TC_AExp_002 -->
      <class name="com.Freelancer.AddExperienceTestCases.TC_AExp_001">
        <test-method is-config="true" signature="setUp(java.lang.String)[pri:0, instance:com.Freelancer.AddExperienceTestCases.TC_AExp_001@49c43f4e]" started-at="2021-04-06T16:41:18 BDT" name="setUp" finished-at="2021-04-06T16:44:00 BDT" duration-ms="162065" status="PASS">
          <params>
            <param index="0">
              <value>
                <![CDATA[chrome]]>
              </value>
            </param>
          </params>
          <reporter-output>
          </reporter-output>
        </test-method> <!-- setUp -->
        <test-method signature="addExprienceWithValidInfo()[pri:1, instance:com.Freelancer.AddExperienceTestCases.TC_AExp_001@49c43f4e]" started-at="2021-04-06T16:44:00 BDT" name="addExprienceWithValidInfo" finished-at="2021-04-06T16:44:33 BDT" duration-ms="33312" status="PASS">
          <reporter-output>
          </reporter-output>
        </test-method> <!-- addExprienceWithValidInfo -->
        <test-method is-config="true" signature="tearDown()[pri:0, instance:com.Freelancer.AddExperienceTestCases.TC_AExp_001@49c43f4e]" started-at="2021-04-06T16:44:33 BDT" name="tearDown" finished-at="2021-04-06T16:44:34 BDT" duration-ms="931" status="PASS">
          <reporter-output>
          </reporter-output>
        </test-method> <!-- tearDown -->
      </class> <!-- com.Freelancer.AddExperienceTestCases.TC_AExp_001 -->
    </test> <!-- Freelancer.com Test -->
  </suite> <!-- Freelancer.com -->
</testng-results>
